This is pdfTeX, Version 3.14159265-2.6-1.40.18 (MiKTeX 2.9.6500 64-bit) (preloaded format=pdflatex 2018.2.7)  29 MAR 2018 16:51
entering extended mode
**./ARP_Paper.tex
(ARP_Paper.tex
LaTeX2e <2017-04-15>
Babel <3.15> and hyphenation patterns for 75 language(s) loaded.
(aes2e.cls
Document Class: aes2e 2010/10/16 v1.0 Standard LaTeX document class for AES
\trimwidth=\dimen102
\trimheight=\dimen103
\typewidth=\dimen104
\typeheight=\dimen105
\tempdimen=\dimen106
\normaltextheight=\dimen107
\normalbaselineskip=\skip41
\blindfoliodrop=\dimen108
\enumdim=\dimen109
\figwidth=\dimen110
\tabledim=\dimen111
\tableleftskip=\skip42
\tablerightskip=\skip43
\tabnoteleftskip=\skip44
\tabnoterightskip=\skip45
\mathindent=\dimen112
\tempbox=\box26
("C:\Program Files\MiKTeX 2.9\tex\latex\psnfss\mathptmx.sty"
Package: mathptmx 2005/04/12 PSNFSS-v9.2a Times w/ Math, improved (SPQR, WaS) 
LaTeX Font Info:    Redeclaring symbol font `operators' on input line 28.
LaTeX Font Info:    Overwriting symbol font `operators' in version `normal'
(Font)                  OT1/cmr/m/n --> OT1/ztmcm/m/n on input line 28.
LaTeX Font Info:    Overwriting symbol font `operators' in version `bold'
(Font)                  OT1/cmr/bx/n --> OT1/ztmcm/m/n on input line 28.
LaTeX Font Info:    Redeclaring symbol font `letters' on input line 29.
LaTeX Font Info:    Overwriting symbol font `letters' in version `normal'
(Font)                  OML/cmm/m/it --> OML/ztmcm/m/it on input line 29.
LaTeX Font Info:    Overwriting symbol font `letters' in version `bold'
(Font)                  OML/cmm/b/it --> OML/ztmcm/m/it on input line 29.
LaTeX Font Info:    Redeclaring symbol font `symbols' on input line 30.
LaTeX Font Info:    Overwriting symbol font `symbols' in version `normal'
(Font)                  OMS/cmsy/m/n --> OMS/ztmcm/m/n on input line 30.
LaTeX Font Info:    Overwriting symbol font `symbols' in version `bold'
(Font)                  OMS/cmsy/b/n --> OMS/ztmcm/m/n on input line 30.
LaTeX Font Info:    Redeclaring symbol font `largesymbols' on input line 31.
LaTeX Font Info:    Overwriting symbol font `largesymbols' in version `normal'
(Font)                  OMX/cmex/m/n --> OMX/ztmcm/m/n on input line 31.
LaTeX Font Info:    Overwriting symbol font `largesymbols' in version `bold'
(Font)                  OMX/cmex/m/n --> OMX/ztmcm/m/n on input line 31.
\symbold=\mathgroup4
\symitalic=\mathgroup5
LaTeX Font Info:    Redeclaring math alphabet \mathbf on input line 34.
LaTeX Font Info:    Overwriting math alphabet `\mathbf' in version `normal'
(Font)                  OT1/cmr/bx/n --> OT1/ptm/bx/n on input line 34.
LaTeX Font Info:    Overwriting math alphabet `\mathbf' in version `bold'
(Font)                  OT1/cmr/bx/n --> OT1/ptm/bx/n on input line 34.
LaTeX Font Info:    Redeclaring math alphabet \mathit on input line 35.
LaTeX Font Info:    Overwriting math alphabet `\mathit' in version `normal'
(Font)                  OT1/cmr/m/it --> OT1/ptm/m/it on input line 35.
LaTeX Font Info:    Overwriting math alphabet `\mathit' in version `bold'
(Font)                  OT1/cmr/bx/it --> OT1/ptm/m/it on input line 35.
LaTeX Info: Redefining \hbar on input line 50.
)
("C:\Program Files\MiKTeX 2.9\tex\latex\psnfss\helvet.sty"
Package: helvet 2005/04/12 PSNFSS-v9.2a (WaS) 

("C:\Program Files\MiKTeX 2.9\tex\latex\graphics\keyval.sty"
Package: keyval 2014/10/28 v1.15 key=value parser (DPC)
\KV@toks@=\toks14
))
("C:\Program Files\MiKTeX 2.9\tex\latex\psnfss\courier.sty"
Package: courier 2005/04/12 PSNFSS-v9.2a (WaS) 
)
\c@part=\count79
\c@chapter=\count80
\c@section=\count81
\c@subsection=\count82
\c@subsubsection=\count83
\c@paragraph=\count84
\c@subparagraph=\count85
\topsepi=\skip46
\topsepii=\skip47
\topsepiii=\skip48
\itemsepi=\skip49
\itemsepii=\skip50
\itemsepiii=\skip51
\LabelSep=\dimen113
\listtextleftmargin=\skip52
\listtextleftmarginii=\skip53
\listtextleftmarginiii=\skip54
\listtextrightmargin=\skip55
\listlabelleftskip=\skip56
\listlabelleftskipii=\skip57
\listlabelleftskipiii=\skip58
\abovelistskipi=\skip59
\belowlistskipi=\skip60
\abovelistskipii=\skip61
\belowlistskipii=\skip62
\abovelistskipiii=\skip63
\belowlistskipiii=\skip64
\labelsepi=\skip65
\labelsepii=\skip66
\labelsepiii=\skip67
\enumdimwd=\dimen114
\itemleftmargin=\dimen115
\itemlabelsep=\dimen116
\c@ncount=\count86
\c@theorem=\count87
\c@example=\count88
\c@theorem=\count89
\c@lemma=\count90
\c@proposition=\count91
\c@corollary=\count92
\c@definition=\count93
\c@notation=\count94
\c@assumption=\count95
\c@remark=\count96
\abovecaptionskip=\skip68
\belowcaptionskip=\skip69
\c@figure=\count97
\c@table=\count98
\c@boxenv=\count99
\@footmax=\dimen117
LaTeX Font Info:    Try loading font information for OT1+ztmcm on input line 11
70.

("C:\Program Files\MiKTeX 2.9\tex\latex\psnfss\ot1ztmcm.fd"
File: ot1ztmcm.fd 2000/01/03 Fontinst v1.801 font definitions for OT1/ztmcm.
)
LaTeX Font Info:    Try loading font information for OML+ztmcm on input line 11
70.

("C:\Program Files\MiKTeX 2.9\tex\latex\psnfss\omlztmcm.fd"
File: omlztmcm.fd 2000/01/03 Fontinst v1.801 font definitions for OML/ztmcm.
)
LaTeX Font Info:    Try loading font information for OMS+ztmcm on input line 11
70.

("C:\Program Files\MiKTeX 2.9\tex\latex\psnfss\omsztmcm.fd"
File: omsztmcm.fd 2000/01/03 Fontinst v1.801 font definitions for OMS/ztmcm.
)
LaTeX Font Info:    Try loading font information for OMX+ztmcm on input line 11
70.

("C:\Program Files\MiKTeX 2.9\tex\latex\psnfss\omxztmcm.fd"
File: omxztmcm.fd 2000/01/03 Fontinst v1.801 font definitions for OMX/ztmcm.
)
LaTeX Font Info:    Try loading font information for OT1+ptm on input line 1170
.

("C:\Program Files\MiKTeX 2.9\tex\latex\psnfss\ot1ptm.fd"
File: ot1ptm.fd 2001/06/04 font definitions for OT1/ptm.
)
LaTeX Font Info:    Font shape `OT1/ptm/bx/n' in size <9> not available
(Font)              Font shape `OT1/ptm/b/n' tried instead on input line 1170.
LaTeX Font Info:    Font shape `OT1/ptm/bx/n' in size <7> not available
(Font)              Font shape `OT1/ptm/b/n' tried instead on input line 1170.
LaTeX Font Info:    Font shape `OT1/ptm/bx/n' in size <5> not available
(Font)              Font shape `OT1/ptm/b/n' tried instead on input line 1170.
\bibitemsep=\dimen118
\bibparsep=\dimen119
\biblabelsep=\dimen120
\authorcount=\count100
\affcount=\count101
\tempcount=\count102
LaTeX Info: Redefining \[ on input line 1547.
LaTeX Info: Redefining \] on input line 1548.
\@partialpageht=\dimen121
\store@outputbox=\box27
\storedboxheight=\dimen122
\nommaxdim=\dimen123
\nombox=\box28

("C:\Program Files\MiKTeX 2.9\tex\latex\sttools\cuted.sty"
Package: cuted 2012/10/04 v1.5 Mixing onecolumn and twocolumn modes
\At@ViperColsBreak=\toks15
\v@aaa=\box29
\v@ccc=\box30
\lastskip@a=\skip70
\lastskip@b=\skip71
\lastskip@d=\skip72
\lastbox@a=\box31
\stripsep=\skip73
\@viper=\box32
\viper@penalty=\count103
\hold@viper=\box33
\ht@viper=\dimen124
)
\calccount=\count104
\biocount=\count105
\printbiocount=\count106

("C:\Program Files\MiKTeX 2.9\tex\latex\graphics\graphicx.sty"
Package: graphicx 2017/06/01 v1.1a Enhanced LaTeX Graphics (DPC,SPQR)

("C:\Program Files\MiKTeX 2.9\tex\latex\graphics\graphics.sty"
Package: graphics 2017/06/25 v1.2c Standard LaTeX Graphics (DPC,SPQR)

("C:\Program Files\MiKTeX 2.9\tex\latex\graphics\trig.sty"
Package: trig 2016/01/03 v1.10 sin cos tan (DPC)
)
("C:\Program Files\MiKTeX 2.9\tex\latex\graphics-cfg\graphics.cfg"
File: graphics.cfg 2016/06/04 v1.11 sample graphics configuration
)
Package graphics Info: Driver file: pdftex.def on input line 99.

("C:\Program Files\MiKTeX 2.9\tex\latex\graphics-def\pdftex.def"
File: pdftex.def 2017/06/24 v1.0g Graphics/color driver for pdftex
))
\Gin@req@height=\dimen125
\Gin@req@width=\dimen126
))
("C:\Program Files\MiKTeX 2.9\tex\latex\was\gensymb.sty"
Package: gensymb 2003/07/02 v1.0 (WaS)
)
("C:\Program Files\MiKTeX 2.9\tex\latex\base\textcomp.sty"
Package: textcomp 2017/04/05 v2.0i Standard LaTeX package
Package textcomp Info: Sub-encoding information:
(textcomp)               5 = only ISO-Adobe without \textcurrency
(textcomp)               4 = 5 + \texteuro
(textcomp)               3 = 4 + \textohm
(textcomp)               2 = 3 + \textestimated + \textcurrency
(textcomp)               1 = TS1 - \textcircled - \t
(textcomp)               0 = TS1 (full)
(textcomp)             Font families with sub-encoding setting implement
(textcomp)             only a restricted character set as indicated.
(textcomp)             Family '?' is the default used for unknown fonts.
(textcomp)             See the documentation for details.
Package textcomp Info: Setting ? sub-encoding to TS1/1 on input line 79.

("C:\Program Files\MiKTeX 2.9\tex\latex\base\ts1enc.def"
File: ts1enc.def 2001/06/05 v3.0e (jk/car/fm) Standard LaTeX file
)
LaTeX Info: Redefining \oldstylenums on input line 334.
Package textcomp Info: Setting cmr sub-encoding to TS1/0 on input line 349.
Package textcomp Info: Setting cmss sub-encoding to TS1/0 on input line 350.
Package textcomp Info: Setting cmtt sub-encoding to TS1/0 on input line 351.
Package textcomp Info: Setting cmvtt sub-encoding to TS1/0 on input line 352.
Package textcomp Info: Setting cmbr sub-encoding to TS1/0 on input line 353.
Package textcomp Info: Setting cmtl sub-encoding to TS1/0 on input line 354.
Package textcomp Info: Setting ccr sub-encoding to TS1/0 on input line 355.
Package textcomp Info: Setting ptm sub-encoding to TS1/4 on input line 356.
Package textcomp Info: Setting pcr sub-encoding to TS1/4 on input line 357.
Package textcomp Info: Setting phv sub-encoding to TS1/4 on input line 358.
Package textcomp Info: Setting ppl sub-encoding to TS1/3 on input line 359.
Package textcomp Info: Setting pag sub-encoding to TS1/4 on input line 360.
Package textcomp Info: Setting pbk sub-encoding to TS1/4 on input line 361.
Package textcomp Info: Setting pnc sub-encoding to TS1/4 on input line 362.
Package textcomp Info: Setting pzc sub-encoding to TS1/4 on input line 363.
Package textcomp Info: Setting bch sub-encoding to TS1/4 on input line 364.
Package textcomp Info: Setting put sub-encoding to TS1/5 on input line 365.
Package textcomp Info: Setting uag sub-encoding to TS1/5 on input line 366.
Package textcomp Info: Setting ugq sub-encoding to TS1/5 on input line 367.
Package textcomp Info: Setting ul8 sub-encoding to TS1/4 on input line 368.
Package textcomp Info: Setting ul9 sub-encoding to TS1/4 on input line 369.
Package textcomp Info: Setting augie sub-encoding to TS1/5 on input line 370.
Package textcomp Info: Setting dayrom sub-encoding to TS1/3 on input line 371.
Package textcomp Info: Setting dayroms sub-encoding to TS1/3 on input line 372.

Package textcomp Info: Setting pxr sub-encoding to TS1/0 on input line 373.
Package textcomp Info: Setting pxss sub-encoding to TS1/0 on input line 374.
Package textcomp Info: Setting pxtt sub-encoding to TS1/0 on input line 375.
Package textcomp Info: Setting txr sub-encoding to TS1/0 on input line 376.
Package textcomp Info: Setting txss sub-encoding to TS1/0 on input line 377.
Package textcomp Info: Setting txtt sub-encoding to TS1/0 on input line 378.
Package textcomp Info: Setting lmr sub-encoding to TS1/0 on input line 379.
Package textcomp Info: Setting lmdh sub-encoding to TS1/0 on input line 380.
Package textcomp Info: Setting lmss sub-encoding to TS1/0 on input line 381.
Package textcomp Info: Setting lmssq sub-encoding to TS1/0 on input line 382.
Package textcomp Info: Setting lmvtt sub-encoding to TS1/0 on input line 383.
Package textcomp Info: Setting lmtt sub-encoding to TS1/0 on input line 384.
Package textcomp Info: Setting qhv sub-encoding to TS1/0 on input line 385.
Package textcomp Info: Setting qag sub-encoding to TS1/0 on input line 386.
Package textcomp Info: Setting qbk sub-encoding to TS1/0 on input line 387.
Package textcomp Info: Setting qcr sub-encoding to TS1/0 on input line 388.
Package textcomp Info: Setting qcs sub-encoding to TS1/0 on input line 389.
Package textcomp Info: Setting qpl sub-encoding to TS1/0 on input line 390.
Package textcomp Info: Setting qtm sub-encoding to TS1/0 on input line 391.
Package textcomp Info: Setting qzc sub-encoding to TS1/0 on input line 392.
Package textcomp Info: Setting qhvc sub-encoding to TS1/0 on input line 393.
Package textcomp Info: Setting futs sub-encoding to TS1/4 on input line 394.
Package textcomp Info: Setting futx sub-encoding to TS1/4 on input line 395.
Package textcomp Info: Setting futj sub-encoding to TS1/4 on input line 396.
Package textcomp Info: Setting hlh sub-encoding to TS1/3 on input line 397.
Package textcomp Info: Setting hls sub-encoding to TS1/3 on input line 398.
Package textcomp Info: Setting hlst sub-encoding to TS1/3 on input line 399.
Package textcomp Info: Setting hlct sub-encoding to TS1/5 on input line 400.
Package textcomp Info: Setting hlx sub-encoding to TS1/5 on input line 401.
Package textcomp Info: Setting hlce sub-encoding to TS1/5 on input line 402.
Package textcomp Info: Setting hlcn sub-encoding to TS1/5 on input line 403.
Package textcomp Info: Setting hlcw sub-encoding to TS1/5 on input line 404.
Package textcomp Info: Setting hlcf sub-encoding to TS1/5 on input line 405.
Package textcomp Info: Setting pplx sub-encoding to TS1/3 on input line 406.
Package textcomp Info: Setting pplj sub-encoding to TS1/3 on input line 407.
Package textcomp Info: Setting ptmx sub-encoding to TS1/4 on input line 408.
Package textcomp Info: Setting ptmj sub-encoding to TS1/4 on input line 409.
)
("C:\Program Files\MiKTeX 2.9\tex\latex\tools\array.sty"
Package: array 2016/10/06 v2.4d Tabular extension package (FMi)
\col@sep=\dimen127
\extrarowheight=\dimen128
\NC@list=\toks16
\extratabsurround=\skip74
\backup@length=\skip75
)
("C:\Program Files\MiKTeX 2.9\tex\latex\import\import.sty"
Package: import 2009/03/23  v 5.1
)
("C:\Program Files\MiKTeX 2.9\tex\latex\multirow\multirow.sty"
Package: multirow 2016/11/25 v2.2 Span multiple rows of a table
\multirow@colwidth=\skip76
\multirow@cntb=\count107
\multirow@dima=\skip77
\bigstrutjot=\dimen129
)
("C:\Program Files\MiKTeX 2.9\tex\latex\xcolor\xcolor.sty"
Package: xcolor 2016/05/11 v2.12 LaTeX color extensions (UK)

("C:\Program Files\MiKTeX 2.9\tex\latex\graphics-cfg\color.cfg"
File: color.cfg 2016/01/02 v1.6 sample color configuration
)
Package xcolor Info: Driver file: pdftex.def on input line 225.
Package xcolor Info: Model `cmy' substituted by `cmy0' on input line 1348.
Package xcolor Info: Model `hsb' substituted by `rgb' on input line 1352.
Package xcolor Info: Model `RGB' extended on input line 1364.
Package xcolor Info: Model `HTML' substituted by `rgb' on input line 1366.
Package xcolor Info: Model `Hsb' substituted by `hsb' on input line 1367.
Package xcolor Info: Model `tHsb' substituted by `hsb' on input line 1368.
Package xcolor Info: Model `HSB' substituted by `hsb' on input line 1369.
Package xcolor Info: Model `Gray' substituted by `gray' on input line 1370.
Package xcolor Info: Model `wave' substituted by `hsb' on input line 1371.
)
("C:\Program Files\MiKTeX 2.9\tex\latex\colortbl\colortbl.sty"
Package: colortbl 2012/02/13 v1.0a Color table columns (DPC)
\everycr=\toks17
\minrowclearance=\skip78
)
("C:\Program Files\MiKTeX 2.9\tex\latex\booktabs\booktabs.sty"
Package: booktabs 2005/04/14 v1.61803 publication quality tables
\heavyrulewidth=\dimen130
\lightrulewidth=\dimen131
\cmidrulewidth=\dimen132
\belowrulesep=\dimen133
\belowbottomsep=\dimen134
\aboverulesep=\dimen135
\abovetopsep=\dimen136
\cmidrulesep=\dimen137
\cmidrulekern=\dimen138
\defaultaddspace=\dimen139
\@cmidla=\count108
\@cmidlb=\count109
\@aboverulesep=\dimen140
\@belowrulesep=\dimen141
\@thisruleclass=\count110
\@lastruleclass=\count111
\@thisrulewidth=\dimen142
)
("C:\Program Files\MiKTeX 2.9\tex\latex\subfig\subfig.sty"
Package: subfig 2005/06/28 ver: 1.3 subfig package

("C:\Program Files\MiKTeX 2.9\tex\latex\caption\caption.sty"
Package: caption 2016/02/21 v3.3-144 Customizing captions (AR)

("C:\Program Files\MiKTeX 2.9\tex\latex\caption\caption3.sty"
Package: caption3 2016/05/22 v1.7-166 caption3 kernel (AR)
Package caption3 Info: TeX engine: e-TeX on input line 67.
\captionmargin=\dimen143
\captionmargin@=\dimen144
\captionwidth=\dimen145
\caption@tempdima=\dimen146
\caption@indent=\dimen147
\caption@parindent=\dimen148
\caption@hangindent=\dimen149
Package caption Info: Unknown document class (or package),
(caption)             standard defaults will be used.
)

Package caption Warning: Unsupported document class (or package) detected,
(caption)                usage of the caption package is not recommended.
See the caption package documentation for explanation.

Package caption Info: \@makecaption = \long macro:#1#2->\ifx \FigName \@captype
 \vskip \abovecaptionskip \@makefigurecaption {#1}{#2}\else \ifx \BoxName \@cap
type \@makeboxenvcaption {#1}{#2}\vskip \belowcaptionskip \else \@maketablecapt
ion {#1}{#2}\vskip \belowcaptionskip \fi \fi .
\c@ContinuedFloat=\count112
)
\c@KVtest=\count113
\sf@farskip=\skip79
\sf@captopadj=\dimen150
\sf@capskip=\skip80
\sf@nearskip=\skip81
\c@subfigure=\count114
\c@subfigure@save=\count115
\c@lofdepth=\count116
\c@subtable=\count117
\c@subtable@save=\count118
\c@lotdepth=\count119
\sf@top=\skip82
\sf@bottom=\skip83
) (ARP_Paper.aux)
\openout1 = `ARP_Paper.aux'.

LaTeX Font Info:    Checking defaults for OML/cmm/m/it on input line 32.
LaTeX Font Info:    ... okay on input line 32.
LaTeX Font Info:    Checking defaults for T1/cmr/m/n on input line 32.
LaTeX Font Info:    ... okay on input line 32.
LaTeX Font Info:    Checking defaults for OT1/cmr/m/n on input line 32.
LaTeX Font Info:    ... okay on input line 32.
LaTeX Font Info:    Checking defaults for OMS/cmsy/m/n on input line 32.
LaTeX Font Info:    ... okay on input line 32.
LaTeX Font Info:    Checking defaults for OMX/cmex/m/n on input line 32.
LaTeX Font Info:    ... okay on input line 32.
LaTeX Font Info:    Checking defaults for U/cmr/m/n on input line 32.
LaTeX Font Info:    ... okay on input line 32.
LaTeX Font Info:    Checking defaults for TS1/cmr/m/n on input line 32.
LaTeX Font Info:    Try loading font information for TS1+cmr on input line 32.
 ("C:\Program Files\MiKTeX 2.9\tex\latex\base\ts1cmr.fd"
File: ts1cmr.fd 2014/09/29 v2.5h Standard LaTeX font definitions
)
LaTeX Font Info:    ... okay on input line 32.
\big@size=\dimen151

("C:\Program Files\MiKTeX 2.9\tex\context\base\supp-pdf.mkii"
[Loading MPS to PDF converter (version 2006.09.02).]
\scratchcounter=\count120
\scratchdimen=\dimen152
\scratchbox=\box34
\nofMPsegments=\count121
\nofMParguments=\count122
\everyMPshowfont=\toks18
\MPscratchCnt=\count123
\MPscratchDim=\dimen153
\MPnumerator=\count124
\makeMPintoPDFobject=\count125
\everyMPtoPDFconversion=\toks19
) ("C:\Program Files\MiKTeX 2.9\tex\latex\oberdiek\epstopdf-base.sty"
Package: epstopdf-base 2016/05/15 v2.6 Base part for package epstopdf

("C:\Program Files\MiKTeX 2.9\tex\generic\oberdiek\infwarerr.sty"
Package: infwarerr 2016/05/16 v1.4 Providing info/warning/error messages (HO)
)
("C:\Program Files\MiKTeX 2.9\tex\latex\oberdiek\grfext.sty"
Package: grfext 2016/05/16 v1.2 Manage graphics extensions (HO)

("C:\Program Files\MiKTeX 2.9\tex\generic\oberdiek\kvdefinekeys.sty"
Package: kvdefinekeys 2016/05/16 v1.4 Define keys (HO)

("C:\Program Files\MiKTeX 2.9\tex\generic\oberdiek\ltxcmds.sty"
Package: ltxcmds 2016/05/16 v1.23 LaTeX kernel commands for general use (HO)
)))
("C:\Program Files\MiKTeX 2.9\tex\latex\oberdiek\kvoptions.sty"
Package: kvoptions 2016/05/16 v3.12 Key value format for package options (HO)

("C:\Program Files\MiKTeX 2.9\tex\generic\oberdiek\kvsetkeys.sty"
Package: kvsetkeys 2016/05/16 v1.17 Key value parser (HO)

("C:\Program Files\MiKTeX 2.9\tex\generic\oberdiek\etexcmds.sty"
Package: etexcmds 2016/05/16 v1.6 Avoid name clashes with e-TeX commands (HO)

("C:\Program Files\MiKTeX 2.9\tex\generic\oberdiek\ifluatex.sty"
Package: ifluatex 2016/05/16 v1.4 Provides the ifluatex switch (HO)
Package ifluatex Info: LuaTeX not detected.
)
Package etexcmds Info: Could not find \expanded.
(etexcmds)             That can mean that you are not using pdfTeX 1.50 or
(etexcmds)             that some package has redefined \expanded.
(etexcmds)             In the latter case, load this package earlier.
)))
("C:\Program Files\MiKTeX 2.9\tex\generic\oberdiek\pdftexcmds.sty"
Package: pdftexcmds 2017/03/19 v0.25 Utility functions of pdfTeX for LuaTeX (HO
)

("C:\Program Files\MiKTeX 2.9\tex\generic\oberdiek\ifpdf.sty"
Package: ifpdf 2017/03/15 v3.2 Provides the ifpdf switch
)
Package pdftexcmds Info: LuaTeX not detected.
Package pdftexcmds Info: \pdf@primitive is available.
Package pdftexcmds Info: \pdf@ifprimitive is available.
Package pdftexcmds Info: \pdfdraftmode found.
)
Package epstopdf-base Info: Redefining graphics rule for `.eps' on input line 4
38.
Package grfext Info: Graphics extension search list:
(grfext)             [.pdf,.png,.jpg,.mps,.jpeg,.jbig2,.jb2,.PDF,.PNG,.JPG,.JPE
G,.JBIG2,.JB2,.eps]
(grfext)             \AppendGraphicsExtensions on input line 456.
)
\symgns@font=\mathgroup6
LaTeX Font Info:    Overwriting symbol font `gns@font' in version `bold'
(Font)                  TS1/ptm/m/n --> TS1/ptm/bx/n on input line 32.
Package gensymb Info: Math companion symbols declared on input line 32.
LaTeX Info: Redefining \degree on input line 32.
LaTeX Info: Redefining \celsius on input line 32.
Package gensymb Info: Using text companion symbols for \degree, \celsius and \p
erthousand on input line 32.
LaTeX Info: Redefining \ohm on input line 32.
Package gensymb Info: Using \textohm for \ohm on input line 32.
Package gensymb Info: Using \textmu for \micro on input line 32.
Package caption Info: Begin \AtBeginDocument code.
Package caption Info: subfig package v1.3 is loaded.
Package caption Info: End \AtBeginDocument code.

! Misplaced \noalign.
\hline ->\noalign 
                  {\ifnum 0=`}\fi \let \hskip \vskip \let \vrule \hrule \let...
l.32 \begin{document}\hline
                           
I expect to see \noalign only after the \cr of
an alignment. Proceed, and I'll ignore this case.

LaTeX Font Info:    Try loading font information for OT1+phv on input line 49.
("C:\Program Files\MiKTeX 2.9\tex\latex\psnfss\ot1phv.fd"
File: ot1phv.fd 2001/06/04 scalable font definitions for OT1/phv.
) [1{C:/Users/Audio/AppData/Local/MiKTeX/2.9/pdftex/config/pdftex.map}
Non-PDF special ignored!]
LaTeX Font Info:    Font shape `OT1/phv/bx/n' in size <20> not available
(Font)              Font shape `OT1/phv/b/n' tried instead on input line 49.


LaTeX Warning: No \author given.

(tex/intro.tex
LaTeX Font Info:    Font shape `OT1/phv/bx/n' in size <10> not available
(Font)              Font shape `OT1/phv/b/n' tried instead on input line 1.
) (tex/litReview.tex
LaTeX Font Info:    Font shape `OT1/phv/bx/it' in size <10> not available
(Font)              Font shape `OT1/phv/b/it' tried instead on input line 27.
LaTeX Font Info:    Font shape `OT1/phv/b/it' in size <10> not available
(Font)              Font shape `OT1/phv/b/sl' tried instead on input line 27.
) (tex/recording.tex
Overfull \hbox (9.58754pt too wide) in paragraph at lines 29--1
\OT1/ptm/m/n/10 Auro speaker lay-out - https://docs.google.com/document/d/1-
 []


Overfull \hbox (5.43826pt too wide) in paragraph at lines 29--1
\OT1/ptm/m/n/10 h7T9wjdY2L8d3MzBohdzhVsfJPdRlLM2abT22jpuyE/edit
 []


Underfull \hbox (badness 10000) in paragraph at lines 29--1

 []


Underfull \hbox (badness 10000) in paragraph at lines 28--29

 []


Underfull \hbox (badness 10000) in paragraph at lines 32--33

 []

LaTeX Font Info:    Try loading font information for TS1+ptm on input line 40.
("C:\Program Files\MiKTeX 2.9\tex\latex\psnfss\ts1ptm.fd"
File: ts1ptm.fd 2001/06/04 font definitions for TS1/ptm.
)
Underfull \hbox (badness 10000) in paragraph at lines 40--41

 []

<images/other/FloorPlan.png, id=6, 655.44875pt x 596.2275pt>
File: images/other/FloorPlan.png Graphic file (type png)
<use images/other/FloorPlan.png>
Package pdftex.def Info: images/other/FloorPlan.png  used on input line 49. on 
input line 49.
Package pdftex.def Info: Requested size: 187.20071pt x 170.2814pt on input line
 49.

Underfull \hbox (badness 10000) in paragraph at lines 60--61

 []


Underfull \hbox (badness 10000) in paragraph at lines 63--64

 []

[2



]
Underfull \hbox (badness 10000) in paragraph at lines 66--67

 []


Underfull \hbox (badness 10000) in paragraph at lines 69--70

 []


Underfull \hbox (badness 10000) in paragraph at lines 72--73

 []

<images/other/ST450pos.png, id=14, 689.57625pt x 542.025pt>
File: images/other/ST450pos.png Graphic file (type png)
<use images/other/ST450pos.png>
Package pdftex.def Info: images/other/ST450pos.png  used on input line 76. on i
nput line 76.
Package pdftex.def Info: Requested size: 234.0pt x 183.93042pt on input line 76
.
LaTeX Font Info:    Font shape `OT1/ptm/bx/n' in size <10> not available
(Font)              Font shape `OT1/ptm/b/n' tried instead on input line 83.
LaTeX Font Info:    Font shape `OT1/ptm/bx/n' in size <7.4> not available
(Font)              Font shape `OT1/ptm/b/n' tried instead on input line 83.
LaTeX Font Info:    Font shape `OT1/ptm/bx/n' in size <6> not available
(Font)              Font shape `OT1/ptm/b/n' tried instead on input line 83.

Underfull \hbox (badness 3872) in paragraph at lines 83--84
 \OT1/ptm/m/it/10 2.2.1.5 Equal Seg-ment Mi-cro-phone Ar-ray (ESMA)[]
 []


Underfull \hbox (badness 10000) in paragraph at lines 85--86

 []


Underfull \vbox (badness 10000) has occurred while \output is active []


Underfull \hbox (badness 2012) in paragraph at lines 89--90
 \OT1/ptm/m/it/10 2.2.1.6 ORTF-3D Sur-round[] \OT1/ptm/m/n/10 The su-per-car-di
oid mi-
 []


Underfull \hbox (badness 10000) in paragraph at lines 89--90

 []

<images/other/esmapic.PNG, id=15, 912.40875pt x 555.07375pt>
File: images/other/esmapic.PNG Graphic file (type png)
<use images/other/esmapic.PNG>
Package pdftex.def Info: images/other/esmapic.PNG  used on input line 94. on in
put line 94.
Package pdftex.def Info: Requested size: 234.0pt x 142.35078pt on input line 94
.

LaTeX Warning: `h' float specifier changed to `ht'.


Underfull \hbox (badness 10000) in paragraph at lines 102--103

 []

[3 <./images/other/FloorPlan.png> <./images/other/ST450pos.png>]
Underfull \hbox (badness 10000) in paragraph at lines 105--106

 []


Underfull \hbox (badness 2293) in paragraph at lines 108--109
 \OT1/ptm/m/it/10 2.2.2.2 Stereo X-Y Pair[] \OT1/ptm/m/n/10 A co-in-ci-dent ste
reo X-Y
 []


Underfull \hbox (badness 10000) in paragraph at lines 108--109

 []


Underfull \hbox (badness 5741) in paragraph at lines 111--112
 \OT1/ptm/m/it/10 2.2.2.3 Sennheiser AM-BEO[] \OT1/ptm/m/n/10 The Sennheiser AM
-
 []


Underfull \hbox (badness 1424) in paragraph at lines 111--112
\OT1/ptm/m/n/10 First-Order Am-bison-ics us-ing a tetra-he-dral co-in-ci-dent
 []


Underfull \hbox (badness 10000) in paragraph at lines 111--112

 []

<images/other/ambeopic.png, id=23, 299.1175pt x 212.795pt>
File: images/other/ambeopic.png Graphic file (type png)
<use images/other/ambeopic.png>
Package pdftex.def Info: images/other/ambeopic.png  used on input line 115. on 
input line 115.
Package pdftex.def Info: Requested size: 234.0pt x 166.47296pt on input line 11
5.

LaTeX Warning: `h' float specifier changed to `ht'.


Underfull \hbox (badness 10000) in paragraph at lines 122--123

 []


Underfull \hbox (badness 10000) in paragraph at lines 125--126

 []


Underfull \hbox (badness 10000) in paragraph at lines 131--132

 []


Underfull \hbox (badness 10000) in paragraph at lines 134--135

 []


Underfull \vbox (badness 2547) has occurred while \output is active []

 [4 <./images/other/esmapic.PNG> <./images/other/ambeopic.png>]
Underfull \hbox (badness 10000) in paragraph at lines 138--139

 []


Underfull \hbox (badness 10000) in paragraph at lines 142--143

 []


Underfull \hbox (badness 10000) in paragraph at lines 144--145

 []

<images/other/positionC.png, id=29, 430.60875pt x 365.365pt>
File: images/other/positionC.png Graphic file (type png)
<use images/other/positionC.png>
Package pdftex.def Info: images/other/positionC.png  used on input line 148. on
 input line 148.
Package pdftex.def Info: Requested size: 234.0pt x 198.54854pt on input line 14
8.
<images/other/posAC.png, id=30, 914.41624pt x 763.85374pt>
File: images/other/posAC.png Graphic file (type png)
<use images/other/posAC.png>
Package pdftex.def Info: images/other/posAC.png  used on input line 156. on inp
ut line 156.
Package pdftex.def Info: Requested size: 234.0pt x 195.46196pt on input line 15
6.

LaTeX Warning: `h' float specifier changed to `ht'.


Underfull \hbox (badness 10000) in paragraph at lines 164--165

 []


Underfull \hbox (badness 1728) in paragraph at lines 168--169
 \OT1/ptm/m/it/10 2.2.4.1 Drums[] \OT1/ptm/m/n/10 Each sec-tion of the drum kit
 was
 []


Underfull \hbox (badness 10000) in paragraph at lines 168--169

 []


Overfull \hbox (2.5905pt too wide) in paragraph at lines 196--196
[]|[]| 
 []


Overfull \hbox (5.92047pt too wide) in paragraph at lines 196--196
[]|[]| 
 []


Underfull \hbox (badness 10000) in paragraph at lines 196--196
[]|\OT1/ptm/m/n/10 Mono
 []


Underfull \hbox (badness 10000) in paragraph at lines 196--196
[]|\OT1/ptm/m/n/10 Stereo
 []


Underfull \hbox (badness 10000) in paragraph at lines 196--196
[]|\OT1/ptm/m/n/10 Stereo
 []


Underfull \hbox (badness 10000) in paragraph at lines 196--196
\OT1/ptm/m/n/10 Drum
 []


Underfull \hbox (badness 10000) in paragraph at lines 196--196
\OT1/ptm/m/n/10 Room
 []


Underfull \hbox (badness 1742) in paragraph at lines 202--203
\OT1/ptm/m/n/10 quency spill from the bass gui-tar, an Am-peg B15N
 []


Underfull \hbox (badness 10000) in paragraph at lines 202--203

 []

[5 <./images/other/positionC.png> <./images/other/posAC.png>]
<images/other/dummycab.JPG, id=36, 5203.44pt x 3468.96pt>
File: images/other/dummycab.JPG Graphic file (type jpg)
<use images/other/dummycab.JPG>
Package pdftex.def Info: images/other/dummycab.JPG  used on input line 206. on 
input line 206.
Package pdftex.def Info: Requested size: 234.0pt x 155.9906pt on input line 206
.

Underfull \hbox (badness 10000) in paragraph at lines 213--214

 []

<images/other/gtr1.JPG, id=37, 5203.44pt x 3468.96pt>
File: images/other/gtr1.JPG Graphic file (type jpg)
<use images/other/gtr1.JPG>
Package pdftex.def Info: images/other/gtr1.JPG  used on input line 219. on inpu
t line 219.
Package pdftex.def Info: Requested size: 117.0pt x 77.96883pt on input line 219
.
<images/other/gtr2.JPG, id=38, 5203.44pt x 3468.96pt>
File: images/other/gtr2.JPG Graphic file (type jpg)
<use images/other/gtr2.JPG>
Package pdftex.def Info: images/other/gtr2.JPG  used on input line 222. on inpu
t line 222.
Package pdftex.def Info: Requested size: 117.0pt x 77.96883pt on input line 222
.

Overfull \hbox (10.0pt too wide) in paragraph at lines 219--223
 [][][] 
 []


Underfull \hbox (badness 10000) in paragraph at lines 229--230

 []

<images/other/vox.JPG, id=39, 5203.44pt x 3468.96pt>
File: images/other/vox.JPG Graphic file (type jpg)
<use images/other/vox.JPG>
Package pdftex.def Info: images/other/vox.JPG  used on input line 233. on input
 line 233.
Package pdftex.def Info: Requested size: 234.0pt x 155.9906pt on input line 233
.
[6 <./images/other/dummycab.JPG> <./images/other/gtr1.JPG> <./images/other/gtr2
.JPG> <./images/other/vox.JPG>]) (tex/post.tex
Underfull \hbox (badness 10000) in paragraph at lines 31--32

 []


Underfull \hbox (badness 10000) in paragraph at lines 36--37

 []


LaTeX Warning: Reference `spooks' on page 7 undefined on input line 39.


Underfull \hbox (badness 10000) in paragraph at lines 50--51

 []


Underfull \hbox (badness 10000) in paragraph at lines 52--53

 []

[7]
Underfull \hbox (badness 10000) in paragraph at lines 55--56

 []

<images/other/ambix.png, id=48, 405.76593pt x 343.2825pt>
File: images/other/ambix.png Graphic file (type png)
<use images/other/ambix.png>
Package pdftex.def Info: images/other/ambix.png  used on input line 67. on inpu
t line 67.
Package pdftex.def Info: Requested size: 234.0pt x 197.97255pt on input line 67
.

LaTeX Warning: `h' float specifier changed to `ht'.


Underfull \vbox (badness 10000) has occurred while \output is active []


Overfull \hbox (6.17215pt too wide) in paragraph at lines 85--91
 [] 
 []


Underfull \vbox (badness 10000) has occurred while \output is active []

 [8 <./images/other/ambix.png>]
Underfull \hbox (badness 1668) in paragraph at lines 94--95
\OT1/ptm/m/n/10 sure-ments from the SADIE database to use in their
 []

) (tex/listeningTests.tex
Underfull \hbox (badness 10000) in paragraph at lines 14--15

 []


Underfull \hbox (badness 10000) in paragraph at lines 26--27
[]|\OT1/ptm/m/n/10 Abundance of low fre-quen-cies
 []


Underfull \hbox (badness 10000) in paragraph at lines 27--28
[]|\OT1/ptm/m/n/10 Abundance of high fre-quen-cies
 []


Overfull \hbox (3.65477pt too wide) in paragraph at lines 18--33
[][] 
 []

[9]) (tex/analysis.tex
Underfull \hbox (badness 10000) in paragraph at lines 21--22

 []


Underfull \hbox (badness 10000) in paragraph at lines 24--25

 []


Overfull \hbox (1.76953pt too wide) in paragraph at lines 26--34
[][] 
 []

<images/graphs/results_sum_graph_V3.PNG, id=56, 508.14844pt x 264.99pt>
File: images/graphs/results_sum_graph_V3.PNG Graphic file (type png)
<use images/graphs/results_sum_graph_V3.PNG>
Package pdftex.def Info: images/graphs/results_sum_graph_V3.PNG  used on input 
line 37. on input line 37.
Package pdftex.def Info: Requested size: 234.0pt x 122.02626pt on input line 37
.
(tex/analysis_sub/ana1.tex
Underfull \vbox (badness 3780) has occurred while \output is active []

<images/plots/AvB_Bar_error.PNG, id=57, 693.34032pt x 489.32813pt>
File: images/plots/AvB_Bar_error.PNG Graphic file (type png)
<use images/plots/AvB_Bar_error.PNG>
Package pdftex.def Info: images/plots/AvB_Bar_error.PNG  used on input line 26.
 on input line 26.
Package pdftex.def Info: Requested size: 234.0pt x 165.14484pt on input line 26
.
<images/stats/AvsB_sa_stack_all.PNG, id=58, 473.51906pt x 381.67593pt>
File: images/stats/AvsB_sa_stack_all.PNG Graphic file (type png)
<use images/stats/AvsB_sa_stack_all.PNG>
Package pdftex.def Info: images/stats/AvsB_sa_stack_all.PNG  used on input line
 33. on input line 33.
Package pdftex.def Info: Requested size: 234.0pt x 188.61276pt on input line 33
.

Underfull \hbox (badness 10000) in paragraph at lines 38--39

 []

) (tex/analysis_sub/ana2.tex
Underfull \vbox (badness 10000) has occurred while \output is active []

 [10 <./images/graphs/results_sum_graph_V3.PNG> <./images/plots/AvB_Bar_error.P
NG>]
Underfull \hbox (badness 10000) in paragraph at lines 24--25

 []


Underfull \hbox (badness 10000) in paragraph at lines 26--27

 []

<images/plots/allMics_edit.PNG, id=65, 1212.02812pt x 691.83469pt>
File: images/plots/allMics_edit.PNG Graphic file (type png)
<use images/plots/allMics_edit.PNG>
Package pdftex.def Info: images/plots/allMics_edit.PNG  used on input line 31. 
on input line 31.
Package pdftex.def Info: Requested size: 486.0pt x 277.41515pt on input line 31
.

Underfull \vbox (badness 5563) has occurred while \output is active []

)
(tex/analysis_sub/ana3.tex
<images/plots/ana3_allmics_performance.PNG, id=66, 1245.15187pt x 706.13812pt>
File: images/plots/ana3_allmics_performance.PNG Graphic file (type png)
<use images/plots/ana3_allmics_performance.PNG>
Package pdftex.def Info: images/plots/ana3_allmics_performance.PNG  used on inp
ut line 29. on input line 29.
Package pdftex.def Info: Requested size: 234.0pt x 132.70226pt on input line 29
.
) (tex/analysis_sub/ana4.tex
Underfull \hbox (badness 10000) in paragraph at lines 21--22

 []

[11 <./images/stats/AvsB_sa_stack_all.PNG>]
<images/plots/bar_sharedMics.PNG, id=72, 870.25125pt x 623.32875pt>
File: images/plots/bar_sharedMics.PNG Graphic file (type png)
<use images/plots/bar_sharedMics.PNG>
Package pdftex.def Info: images/plots/bar_sharedMics.PNG  used on input line 24
. on input line 24.
Package pdftex.def Info: Requested size: 234.0pt x 167.60669pt on input line 24
.

Overfull \hbox (5.65608pt too wide) in paragraph at lines 42--42
 []|[]| 
 []


Overfull \hbox (3.90773pt too wide) in paragraph at lines 42--42
 []|\OT1/ptm/m/n/10 ST450| 
 []


LaTeX Warning: `h' float specifier changed to `ht'.


Underfull \hbox (badness 10000) in paragraph at lines 49--50

 []


Underfull \vbox (badness 6316) has occurred while \output is active []


Underfull \hbox (badness 10000) in paragraph at lines 53--54

 []


Underfull \vbox (badness 10000) has occurred while \output is active []

 [12 <./images/plots/allMics_edit.PNG> <./images/plots/ana3_allmics_performance
.PNG> <./images/plots/bar_sharedMics.PNG>]) (tex/analysis_sub/ana5.tex
<images/plots/sa_ta_corr_env.PNG, id=78, 611.28375pt x 576.65437pt>
File: images/plots/sa_ta_corr_env.PNG Graphic file (type png)
<use images/plots/sa_ta_corr_env.PNG>
Package pdftex.def Info: images/plots/sa_ta_corr_env.PNG  used on input line 29
. on input line 29.
Package pdftex.def Info: Requested size: 234.0pt x 220.74115pt on input line 29
.

Underfull \vbox (badness 3281) has occurred while \output is active []

)
(tex/analysis_sub/ana6.tex
<images/stats/enjoyment_corr_V1.PNG, id=79, 723.45282pt x 1204.5pt>
File: images/stats/enjoyment_corr_V1.PNG Graphic file (type png)
<use images/stats/enjoyment_corr_V1.PNG>
Package pdftex.def Info: images/stats/enjoyment_corr_V1.PNG  used on input line
 30. on input line 30.
Package pdftex.def Info: Requested size: 234.0pt x 389.58319pt on input line 30
.
)
Underfull \hbox (badness 10000) in paragraph at lines 55--56

 []


Underfull \vbox (badness 10000) has occurred while \output is active []

 [13 <./images/plots/sa_ta_corr_env.PNG>]
Underfull \hbox (badness 10000) in paragraph at lines 57--58

 []


Underfull \hbox (badness 10000) in paragraph at lines 59--60

 []


Underfull \hbox (badness 10000) in paragraph at lines 61--62

 []


Underfull \hbox (badness 10000) in paragraph at lines 63--64

 []


Underfull \hbox (badness 10000) in paragraph at lines 65--66

 []

) (ARP_Paper.bbl
LaTeX Font Info:    Try loading font information for OT1+pcr on input line 15.
 ("C:\Program Files\MiKTeX 2.9\tex\latex\psnfss\ot1pcr.fd"
File: ot1pcr.fd 2001/06/04 font definitions for OT1/pcr.
)
Underfull \hbox (badness 3735) in paragraph at lines 11--16
[]\OT1/ptm/m/n/10 H. Riaz, M. Stiles, C. Arm-strong, A. Chad-
 []


Underfull \hbox (badness 10000) in paragraph at lines 11--16
\OT1/ptm/m/n/10 wick, H. Lee, G. Kear-ney, ``Mul-ti-chan-nel Mi-cro-
 []


Underfull \hbox (badness 3746) in paragraph at lines 11--16
\OT1/ptm/m/n/10 phone Ar-ray Record-ing for Pop-u-lar Mu-sic Pro-duc-
 []


Underfull \hbox (badness 1990) in paragraph at lines 11--16
\OT1/ptm/m/n/10 tion in Vir-tual Re-al-ity,'' pre-sented at the \OT1/ptm/m/it/1
0 Au-dio En-
 []


Underfull \hbox (badness 2837) in paragraph at lines 11--16
\OT1/ptm/m/it/10 gi-neer-ing So-ci-ety Con-ven-tion 143 \OT1/ptm/m/n/10 (2017 O
ct), URL
 []


Overfull \hbox (44.501pt too wide) in paragraph at lines 11--16
\OT1/pcr/m/n/10 http://www.aes.org/e-lib/browse.cfm?elib=19333\OT1/ptm/m/n/10 .
 
 []


Underfull \hbox (badness 10000) in paragraph at lines 18--21
[]\OT1/ptm/m/n/10 abbeyroad.com, ``Stu-dio Three,'' Avail-able at:
 []


Overfull \hbox (38.501pt too wide) in paragraph at lines 18--21
\OT1/pcr/m/n/10 https://www.abbeyroad.com/studio/studio-three\OT1/ptm/m/n/10 ,
 []


Overfull \hbox (236.96056pt too wide) in paragraph at lines 23--26
\OT1/ptm/m/n/10 able at: \OT1/pcr/m/n/10 https://shop.gopro.com/virtualreality/
omni---all-inclusive/MHDHX-006.html\OT1/ptm/m/n/10 ,
 []

Missing character: There is no Â in font ptmr7t!
Missing character: There is no ° in font ptmr7t!

Underfull \hbox (badness 2126) in paragraph at lines 37--40
[]\OT1/ptm/m/n/10 Hyunkook Lee, ``Cap-tur-ing and Ren-der-ing 360
 []


Overfull \hbox (8.501pt too wide) in paragraph at lines 37--40
\OT1/pcr/m/n/10 http://eprints.hud.ac.uk/29582/1/AES.com\OT1/ptm/m/n/10 ,
 []


Overfull \hbox (212.7702pt too wide) in paragraph at lines 42--45
\OT1/ptm/m/n/10 phone,'' Avail-able at: \OT1/pcr/m/n/10 http://en-uk.sennheiser
.com/microphone-3d-audio-ambeo-vr-mic\OT1/ptm/m/n/10 ,
 []


Underfull \hbox (badness 2753) in paragraph at lines 47--49
[]\OT1/ptm/m/n/10 G. Theile, H. Wit-tek, ``Prin-ci-ples in Sur-round
 []


Overfull \hbox (50.501pt too wide) in paragraph at lines 55--58
\OT1/pcr/m/n/10 http://www.schoeps.de/en/products/irt-cross-set\OT1/ptm/m/n/10 
,
 []


Underfull \hbox (badness 4341) in paragraph at lines 60--62
[]\OT1/ptm/m/n/10 Avid.com/ProToolsHD, ``Pro-Tools HD,'' Avail-
 []


Underfull \hbox (badness 1783) in paragraph at lines 60--62
\OT1/ptm/m/n/10 able at: \OT1/pcr/m/n/10 http://www.avid.com/pro-tools-hd\OT1/p
tm/m/n/10 ,
 []


Underfull \vbox (badness 10000) has occurred while \output is active []

 [14 <./images/stats/enjoyment_corr_V1.PNG>]
Overfull \hbox (140.32986pt too wide) in paragraph at lines 64--67
\OT1/ptm/m/n/10 Soft-ware,'' Avail-able at: \OT1/pcr/m/n/10 http://www.adobe.co
m/uk/products/premiere.html\OT1/ptm/m/n/10 ,
 []


Underfull \hbox (badness 10000) in paragraph at lines 69--71
[]\OT1/ptm/m/n/10 samsung.com, ``Sam-sung Ac-tion De-vel-oper,''
 []


Overfull \hbox (54.19025pt too wide) in paragraph at lines 69--71
\OT1/ptm/m/n/10 Avail-able at: \OT1/pcr/m/n/10 https://resources.samsungdevelop
ers.com\OT1/ptm/m/n/10 ,
 []


Underfull \hbox (badness 3333) in paragraph at lines 73--75
[]\OT1/ptm/m/n/10 kolor.com, ``Go-Pro VR Player,'' Avail-able at:
 []


Underfull \hbox (badness 10000) in paragraph at lines 73--75
\OT1/pcr/m/n/10 http://www.kolor.com/gopro-vr-player/\OT1/ptm/m/n/10 ,
 []


Overfull \hbox (64.53984pt too wide) in paragraph at lines 77--79
\OT1/ptm/m/n/10 Head-set,'' Avail-able at: \OT1/pcr/m/n/10 https://www3.oculus.
com/en-us/dk2/\OT1/ptm/m/n/10 ,
 []


Overfull \hbox (369.6696pt too wide) in paragraph at lines 89--93
\OT1/ptm/m/n/10 pulse Re-sponse,'' Avail-able at: \OT1/pcr/m/n/10 http://www.op
enairlib.net/auralizationdb/content/lady-chapel-st-albans-cathedral\OT1/ptm/m/n
/10 ,
 []


Underfull \hbox (badness 3375) in paragraph at lines 101--104
[]\OT1/ptm/m/n/10 Matthiaskronlachner.com, ``Am-biX v0.2.7 Am-
 []


Overfull \hbox (160.79929pt too wide) in paragraph at lines 101--104
\OT1/ptm/m/n/10 bisonic plug-in suite,'' Avail-able at: \OT1/pcr/m/n/10 http://
www.matthiaskronlachner.com/?p=2015\OT1/ptm/m/n/10 ,
 []

! Missing $ inserted.
<inserted text> 
                $
l.115 ...rk.ac.uk/sadie-project/past_news_01.html}
                                                  , online;
I've inserted a begin-math/end-math symbol since I think
you left one out. Proceed, with fingers crossed.

! Extra }, or forgotten $.
<recently read> \egroup 
                        
l.115 ...rk.ac.uk/sadie-project/past_news_01.html}
                                                  , online;
I've deleted a group-closing symbol because it seems to be
spurious, as in `$x}$'. But perhaps the } is legitimate and
you forgot something else, as in `\hbox{$x}'. In such cases
the way to recover is to insert both the forgotten and the
deleted material, e.g., by typing `I$}'.

! Missing $ inserted.
<inserted text> 
                $
l.117 
      
I've inserted a begin-math/end-math symbol since I think
you left one out. Proceed, with fingers crossed.

! Missing } inserted.
<inserted text> 
                }
l.117 
      
I've inserted something that you may have forgotten.
(See the <inserted text> above.)
With luck, this will get me unwedged. But if you
really didn't forget anything, try typing `2' now; then
my insertion and my current dilemma will both disappear.


Overfull \hbox (277.01004pt too wide) in paragraph at lines 114--117
\OT1/ptm/m/n/10 pipeline,'' Avail-able at: \OT1/pcr/m/n/10 https://www.york.ac.
uk/sadie-project/past$[]\OML/ztmcm/m/it/10 ews[]\OT1/ztmcm/m/n/10 1\OML/ztmcm/m
/it/10 :html; online\OT1/ztmcm/m/n/10 ; \OML/ztmcm/m/it/10 Accessedon\OT1/ztmcm
/m/n/10 19\OML/ztmcm/m/it/10 =\OT1/ztmcm/m/n/10 06\OML/ztmcm/m/it/10 =\OT1/ztmc
m/m/n/10 17\OML/ztmcm/m/it/10 :[]$ 
 []


Overfull \hbox (134.96056pt too wide) in paragraph at lines 119--122
\OT1/ptm/m/n/10 able at: \OT1/pcr/m/n/10 https://www.youtube.com/channel/UCzuqh
hs6NWbgTzMuM09WKDQ\OT1/ptm/m/n/10 ,
 []


Overfull \hbox (60.19025pt too wide) in paragraph at lines 124--126
\OT1/ptm/m/n/10 Avail-able at: \OT1/pcr/m/n/10 https://www.voxengo.com/product/
r8brain/\OT1/ptm/m/n/10 ,
 []


Underfull \hbox (badness 10000) in paragraph at lines 128--130
[]\OT1/ptm/m/n/10 spook.fm, ``SpookSyncVR,'' Avail-able at:
 []


Underfull \hbox (badness 10000) in paragraph at lines 128--130
\OT1/pcr/m/n/10 http://www.spook.fm/spooksyncvr/\OT1/ptm/m/n/10 , on-line;
 []

)
Underfull \vbox (badness 10000) has occurred while \output is active []


Underfull \vbox (badness 10000) has occurred while \output is active []

Extra height:40.1399pt when 297.36995pt

Underfull \vbox (badness 10000) has occurred while \output is active []


Underfull \vbox (badness 10000) has occurred while \output is active []

Extra height:0.0pt when 298.36995pt

Underfull \vbox (badness 10000) has occurred while \output is active []

(2)Left:298.36995pt Right:304.1399pt Output:298.36995pt

Underfull \vbox (badness 10000) has occurred while \output is active []

(2)Left:304.1399pt Right:304.1399pt Output:304.1399pt
- LAST -
Left:304.1399pt
Right:304.1399pt
Output:304.1399pt

Underfull \vbox (badness 10000) has occurred while \output is active []


Overfull \vbox (2.5pt too high) has occurred while \output is active []

Extra height:0.0pt when 2.5pt

Overfull \vbox (2.5pt too high) has occurred while \output is active []

(2)Left:2.5pt Right:0.0pt Output:2.5pt
- LAST -
Left:2.5pt
Right:0.0pt
Output:2.5pt

Overfull \vbox (2.5pt too high) has occurred while \output is active []


Overfull \hbox (252.0pt too wide) in paragraph at lines 62--62
| 
 []

[15

] (ARP_Paper.aux)

LaTeX Warning: There were undefined references.

 ) 
Here is how much of TeX's memory you used:
 4706 strings out of 493312
 72005 string characters out of 3138900
 138289 words of memory out of 3000000
 8092 multiletter control sequences out of 15000+200000
 40933 words of font info for 86 fonts, out of 3000000 for 9000
 1141 hyphenation exceptions out of 8191
 44i,14n,49p,1595b,370s stack positions out of 5000i,500n,10000p,200000b,50000s
{C:/Program Files/MiKTeX 2.9/fonts/enc/dvips/base/8r.enc}<C:/Program Files/Mi
KTeX 2.9/fonts/type1/public/amsfonts/cm/cmmi10.pfb><C:/Program Files/MiKTeX 2.9
/fonts/type1/public/amsfonts/cm/cmr10.pfb><C:/Program Files/MiKTeX 2.9/fonts/ty
pe1/public/amsfonts/cm/cmsy10.pfb><C:/Program Files/MiKTeX 2.9/fonts/type1/urw/
courier/ucrr8a.pfb><C:/Program Files/MiKTeX 2.9/fonts/type1/urw/helvetic/uhvb8a
.pfb><C:/Program Files/MiKTeX 2.9/fonts/type1/urw/helvetic/uhvbo8a.pfb><C:/Prog
ram Files/MiKTeX 2.9/fonts/type1/urw/helvetic/uhvr8a.pfb><C:/Program Files/MiKT
eX 2.9/fonts/type1/urw/times/utmb8a.pfb><C:/Program Files/MiKTeX 2.9/fonts/type
1/urw/times/utmr8a.pfb><C:/Program Files/MiKTeX 2.9/fonts/type1/urw/times/utmri
8a.pfb>
Output written on ARP_Paper.pdf (15 pages, 39248076 bytes).
PDF statistics:
 126 PDF objects out of 1000 (max. 8388607)
 0 named destinations out of 1000 (max. 500000)
 96 words of extra memory for PDF output out of 10000 (max. 10000000)

